Arguments: 
  /usr/local/bin/node /usr/local/lib/node_modules/yarn/bin/yarn.js run start

PATH: 
  /Library/PostgreSQL/11/bin/pg_config:/usr/local/opt/openssl@1.1/bin:/usr/local/opt/mysql-client/bin:/Users/alfredyang/Library/Android/sdk/platform-tools:/Users/alfredyang/Library/Android/sdk/tools:/usr/local/opt/gettext/bin:/Users/alfredyang/Desktop/hadoop-2.7.3/bin:/Users/alfredyang/Desktop/spark/spark-2.3.0-bin-hadoop2.7/bin:/usr/local/redis/src:/usr/local/sbt/bin:/usr/local/apache-maven-3.5.0/bin:/usr/local/mongodb/bin:/usr/local/bin:/usr/bin:/bin:/usr/sbin:/sbin:/usr/local/go/bin:/usr/local/share/dotnet:~/.dotnet/tools:/Library/Apple/usr/bin:/Library/Frameworks/Mono.framework/Versions/Current/Commands:/Applications/Xamarin Workbooks.app/Contents/SharedSupport/path-bin:/bin:/usr/local/go/bin/bin:/usr/local/proto-2.5.0/bin

Yarn version: 
  1.22.4

Node version: 
  14.3.0

Platform: 
  darwin x64

Trace: 
  SyntaxError: /Users/alfredyang/Desktop/code/new-round/micro-frontend/react-web-components/package.json: Unexpected token / in JSON at position 131
      at JSON.parse (<anonymous>)
      at /usr/local/lib/node_modules/yarn/lib/cli.js:1625:59
      at Generator.next (<anonymous>)
      at step (/usr/local/lib/node_modules/yarn/lib/cli.js:310:30)
      at /usr/local/lib/node_modules/yarn/lib/cli.js:321:13

npm manifest: 
  {
    "name": "react-example-components",
    "description": "This project is created using Direflow",
    "version": "1.0.0",
    "author": "",
    "license": "MIT",
    "keywords": [
      "direflow",
      "react",
      "webcomponent"
    ],
    "homepage": "https://direflow.io/",
    "repository": {
      "type": "git",
      "url": "https://github.com/Silind-Software/direflow"
    },
    "bugs": {
      "email": "direflow@silind.com",
      "url": "https://github.com/Silind-Software/direflow/issues/new"
    },
    "main": "build/direflowBundle.js",
    "files": [
      "build"
    ],
    "scripts": {
      "start": "direflow-scripts start",
      "build": "direflow-scripts build",
      "build:lib": "direflow-scripts build:lib",
      "test": "direflow-scripts test"
    },
    "dependencies": {
      "react": "16.13.1",
      "react-dom": "16.13.1",
      "react-scripts": "3.4.1",
      "direflow-component": "3.5.3",
      "direflow-scripts": "3.5.3"
    },
    "devDependencies": {
      "eslint-plugin-node": "^11.0.0",
      "eslint-plugin-promise": "^4.2.1",
      "eslint-plugin-react": "^7.18.0",
      "to-string-loader": "^1.1.6",
      "jest-environment-jsdom-fourteen": "0.1.0",
      "react-app-rewired": "2.1.3",
      "react-test-renderer": "16.9.0",
      "webpack-cli": "^3.3.11"
    },
    "eslintConfig": {
      "extends": "react-app"
    },
    "browserslist": {
      "production": [
        ">0.2%",
        "not dead",
        "not op_mini all"
      ],
      "development": [
        "last 1 chrome version",
        "last 1 firefox version",
        "last 1 safari version"
      ]
    },
    "jest": {
      "setupFilesAfterEnv": [
        "direflow-scripts/direflow-jest.config.js"
      ]
    },
    "config-overrides-path": "direflow-webpack.js"
  }

yarn manifest: 
  No manifest

Lockfile: 
  No lockfile
